<?xml version="1.0" encoding="UTF-8"?>
<!-- Generated by org.testng.reporters.JUnitReportReporter -->
<testsuite hostname="DESKTOP-O68Q0PT" failures="0" tests="1" name="testNG.ParameterizedTest" time="0.060" errors="0" timestamp="2024-02-18T23:52:15 PST" skipped="0">
  <testcase classname="testNG.ParameterizedTest" name="f" time="0.060"/>
</testsuite> <!-- testNG.ParameterizedTest -->
