<?xml version="1.0" encoding="UTF-8"?>
<!-- Generated by org.testng.reporters.JUnitReportReporter -->
<testsuite hostname="DESKTOP-O68Q0PT" failures="0" tests="4" name="testNG.Data_Provider" time="0.091" errors="0" timestamp="2024-02-18T23:42:02 PST" skipped="0">
  <testcase classname="testNG.Data_Provider" name="f" time="0.013"/>
  <testcase classname="testNG.Data_Provider" name="f" time="0.016"/>
  <testcase classname="testNG.Data_Provider" name="f" time="0.048"/>
  <testcase classname="testNG.Data_Provider" name="f" time="0.014"/>
</testsuite> <!-- testNG.Data_Provider -->
