<?xml version="1.0" encoding="UTF-8"?>
<!-- Generated by org.testng.reporters.JUnitReportReporter -->
<testsuite hostname="DESKTOP-O68Q0PT" failures="0" tests="3" name="testNG.Priority" time="17.991" errors="0" timestamp="2024-02-13T23:31:06 PST" skipped="0">
  <testcase classname="testNG.Priority" name="Browser" time="12.358"/>
  <testcase classname="testNG.Priority" name="login" time="2.199"/>
  <testcase classname="testNG.Priority" name="Search_hotel" time="3.434"/>
</testsuite> <!-- testNG.Priority -->
