<?xml version="1.0" encoding="UTF-8"?>
<!-- Generated by org.testng.reporters.JUnitReportReporter -->
<testsuite hostname="DESKTOP-O68Q0PT" failures="0" tests="4" name="testNG.GroupTest" time="0.128" errors="0" timestamp="2024-02-14T22:22:20 PST" skipped="0">
  <testcase classname="testNG.GroupTest" name="f6" time="0.013"/>
  <testcase classname="testNG.GroupTest" name="f2" time="0.014"/>
  <testcase classname="testNG.GroupTest" name="f5" time="0.039"/>
  <testcase classname="testNG.GroupTest" name="f1" time="0.062"/>
</testsuite> <!-- testNG.GroupTest -->
