<?xml version="1.0" encoding="UTF-8"?>
<!-- Generated by org.testng.reporters.JUnitReportReporter -->
<testsuite hostname="DESKTOP-O68Q0PT" failures="0" tests="2" name="testNG.ParallerTest" time="128.506" errors="0" timestamp="2024-02-18T22:59:34 PST" skipped="0">
  <testcase classname="testNG.ParallerTest" name="f2" time="91.628"/>
  <testcase classname="testNG.ParallerTest" name="f" time="36.878"/>
</testsuite> <!-- testNG.ParallerTest -->
