<?xml version="1.0" encoding="UTF-8"?>
<!-- Generated by org.testng.reporters.JUnitReportReporter -->
<testsuite hostname="DESKTOP-O68Q0PT" failures="0" tests="2" name="testNG.Depands_on_method" time="27.273" errors="0" timestamp="2024-02-14T23:02:31 PST" skipped="0">
  <testcase classname="testNG.Depands_on_method" name="f" time="0.010"/>
  <testcase classname="testNG.Depands_on_method" name="login" time="27.263"/>
</testsuite> <!-- testNG.Depands_on_method -->
