<?xml version="1.0" encoding="UTF-8"?>
<!-- Generated by org.testng.reporters.JUnitReportReporter -->
<testsuite hostname="DESKTOP-O68Q0PT" failures="0" tests="2" name="testNG.Assert_Shoft" time="0.157" errors="0" timestamp="2024-02-18T23:22:31 PST" skipped="0">
  <testcase classname="testNG.Assert_Shoft" name="f1" time="0.146"/>
  <testcase classname="testNG.Assert_Shoft" name="f2" time="0.011"/>
</testsuite> <!-- testNG.Assert_Shoft -->
