<?xml version="1.0" encoding="UTF-8"?>
<!-- Generated by org.testng.reporters.JUnitReportReporter -->
<testsuite hostname="DESKTOP-O68Q0PT" failures="0" tests="5" name="testNG.Invocation" time="68.117" errors="0" timestamp="2024-02-18T22:03:11 PST" skipped="0">
  <testcase classname="testNG.Invocation" name="f" time="30.423"/>
  <testcase classname="testNG.Invocation" name="f" time="15.937"/>
  <testcase classname="testNG.Invocation" name="f" time="21.730"/>
  <testcase classname="testNG.Invocation" name="f1" time="0.006"/>
  <testcase classname="testNG.Invocation" name="f1" time="0.021"/>
</testsuite> <!-- testNG.Invocation -->
